<?xml version="1.0" encoding="UTF-8"?>
<!-- Generated by org.testng.reporters.JUnitXMLReporter -->
<testsuite hostname="LHL013" ignored="0" name="Test" tests="5" failures="0" timestamp="06 Feb 2018 12:11:31 GMT" time="0.034" errors="0">
  <testcase name="Aone" time="0.004" classname="com.tng.Tang"/>
  <testcase name="Bone" time="0.001" classname="com.tng.Tang"/>
  <testcase name="Cone" time="0.001" classname="com.tng.Tang"/>
  <testcase name="cMethod" time="0.001" classname="com.tng.sang"/>
  <testcase name="dMethod" time="0.0" classname="com.tng.sang"/>
</testsuite> <!-- Test -->
